\BOOKMARK [1][-]{section.1}{\376\377\000S\000t\000a\000t\000i\000s\000t\000i\000c\000a\000l\000\040\000b\000a\000c\000k\000g\000r\000o\000u\000n\000d}{}% 1
\BOOKMARK [1][-]{section.2}{\376\377\000S\000u\000m\000m\000a\000r\000y\000\040\000o\000f\000\040\000t\000h\000e\000\040\000u\000s\000e\000r\000-\000i\000n\000t\000e\000r\000f\000a\000c\000e}{}% 2
\BOOKMARK [1][-]{section.3}{\376\377\000I\000l\000l\000u\000s\000t\000r\000a\000t\000i\000v\000e\000\040\000d\000a\000t\000a\000s\000e\000t}{}% 3
\BOOKMARK [1][-]{section.4}{\376\377\000V\000i\000s\000u\000a\000l\000i\000z\000a\000t\000i\000o\000n\000\040\000\046\000\040\000d\000e\000s\000c\000r\000i\000p\000t\000i\000v\000e\000\040\000s\000t\000a\000t\000i\000s\000t\000i\000c\000s}{}% 4
\BOOKMARK [2][-]{subsection.4.1}{\376\377\000G\000r\000a\000p\000h\000i\000c\000a\000l\000\040\000d\000i\000s\000p\000l\000a\000y}{section.4}% 5
\BOOKMARK [2][-]{subsection.4.2}{\376\377\000M\000i\000s\000s\000i\000n\000g\000\040\000d\000a\000t\000a\000\040\000p\000a\000t\000t\000e\000r\000n\000s}{section.4}% 6
\BOOKMARK [2][-]{subsection.4.3}{\376\377\000S\000u\000m\000m\000a\000r\000y\000\040\000s\000t\000a\000t\000i\000s\000t\000i\000c\000s}{section.4}% 7
\BOOKMARK [2][-]{subsection.4.4}{\376\377\000C\000o\000r\000r\000e\000l\000a\000t\000i\000o\000n\000\040\000a\000n\000d\000\040\000p\000a\000r\000t\000i\000a\000l\000\040\000c\000o\000r\000r\000e\000l\000a\000t\000i\000o\000n\000s}{section.4}% 8
\BOOKMARK [1][-]{section.5}{\376\377\000M\000u\000l\000t\000i\000p\000l\000e\000\040\000S\000t\000u\000d\000e\000n\000t\000'\000s\000\040\000t\000-\000t\000e\000s\000t\000s}{}% 9
\BOOKMARK [1][-]{section.6}{\376\377\000L\000i\000n\000e\000a\000r\000\040\000m\000i\000x\000e\000d\000\040\000m\000o\000d\000e\000l\000\040\000\050\000L\000M\000M\000\051}{}% 10
\BOOKMARK [2][-]{subsection.6.1}{\376\377\000C\000l\000a\000s\000s\000i\000c\000a\000l\000\040\000c\000o\000v\000a\000r\000i\000a\000n\000c\000e\000\040\000p\000a\000t\000t\000e\000r\000n\000s}{section.6}% 11
\BOOKMARK [2][-]{subsection.6.2}{\376\377\000U\000s\000e\000r\000-\000s\000p\000e\000c\000i\000f\000i\000c\000\040\000c\000o\000v\000a\000r\000i\000a\000n\000c\000e\000\040\000p\000a\000t\000t\000e\000r\000n\000s}{section.6}% 12
\BOOKMARK [2][-]{subsection.6.3}{\376\377\000E\000s\000t\000i\000m\000a\000t\000i\000o\000n\000\040\000p\000r\000o\000c\000e\000d\000u\000r\000e}{section.6}% 13
\BOOKMARK [2][-]{subsection.6.4}{\376\377\000M\000o\000d\000e\000l\000\040\000o\000u\000t\000p\000u\000t}{section.6}% 14
\BOOKMARK [2][-]{subsection.6.5}{\376\377\000E\000x\000t\000r\000a\000c\000t\000\040\000e\000s\000t\000i\000m\000a\000t\000e\000d\000\040\000c\000o\000e\000f\000f\000i\000c\000i\000e\000n\000t\000s}{section.6}% 15
\BOOKMARK [2][-]{subsection.6.6}{\376\377\000E\000x\000t\000r\000a\000c\000t\000\040\000e\000s\000t\000i\000m\000a\000t\000e\000d\000\040\000c\000o\000e\000f\000f\000i\000c\000i\000e\000n\000t\000\040\000a\000n\000d\000\040\000a\000s\000s\000o\000c\000i\000a\000t\000e\000d\000\040\000u\000n\000c\000e\000r\000t\000a\000i\000n\000t\000y}{section.6}% 16
\BOOKMARK [2][-]{subsection.6.7}{\376\377\000E\000x\000t\000r\000a\000c\000t\000\040\000e\000s\000t\000i\000m\000a\000t\000e\000d\000\040\000r\000e\000s\000i\000d\000u\000a\000l\000\040\000v\000a\000r\000i\000a\000n\000c\000e\000-\000c\000o\000v\000a\000r\000i\000a\000n\000c\000e\000\040\000s\000t\000r\000u\000c\000t\000u\000r\000e}{section.6}% 17
\BOOKMARK [2][-]{subsection.6.8}{\376\377\000M\000a\000r\000g\000i\000n\000a\000l\000\040\000e\000f\000f\000e\000c\000t\000s}{section.6}% 18
\BOOKMARK [2][-]{subsection.6.9}{\376\377\000R\000a\000n\000d\000o\000m\000\040\000e\000f\000f\000e\000c\000t\000s}{section.6}% 19
\BOOKMARK [2][-]{subsection.6.10}{\376\377\000S\000u\000m\000\040\000o\000f\000\040\000s\000q\000u\000a\000r\000e\000s}{section.6}% 20
\BOOKMARK [2][-]{subsection.6.11}{\376\377\000P\000r\000o\000p\000o\000r\000t\000i\000o\000n\000\040\000o\000f\000\040\000e\000x\000p\000l\000a\000i\000n\000e\000d\000\040\000v\000a\000r\000i\000a\000n\000c\000e\000\040\000a\000n\000d\000\040\000p\000a\000r\000t\000i\000a\000l\000\040\000c\000o\000r\000r\000e\000l\000a\000t\000i\000o\000n}{section.6}% 21
\BOOKMARK [2][-]{subsection.6.12}{\376\377\000M\000o\000d\000e\000l\000\040\000d\000i\000a\000g\000n\000o\000s\000t\000i\000c}{section.6}% 22
\BOOKMARK [2][-]{subsection.6.13}{\376\377\000V\000i\000s\000u\000a\000l\000i\000z\000e\000\040\000m\000o\000d\000e\000l\000\040\000f\000i\000t}{section.6}% 23
\BOOKMARK [2][-]{subsection.6.14}{\376\377\000P\000a\000r\000t\000i\000a\000l\000\040\000r\000e\000s\000i\000d\000u\000a\000l\000s}{section.6}% 24
\BOOKMARK [2][-]{subsection.6.15}{\376\377\000S\000t\000a\000t\000i\000s\000t\000i\000c\000a\000l\000\040\000i\000n\000f\000e\000r\000e\000n\000c\000e\000\040\000\050\000s\000i\000n\000g\000l\000e\000\040\000m\000o\000d\000e\000l\000,\000\040\000l\000i\000n\000e\000a\000r\000\051}{section.6}% 25
\BOOKMARK [2][-]{subsection.6.16}{\376\377\000S\000t\000a\000t\000i\000s\000t\000i\000c\000a\000l\000\040\000i\000n\000f\000e\000r\000e\000n\000c\000e\000\040\000\050\000m\000u\000l\000t\000i\000p\000l\000e\000\040\000m\000o\000d\000e\000l\000s\000,\000\040\000l\000i\000n\000e\000a\000r\000\051}{section.6}% 26
\BOOKMARK [2][-]{subsection.6.17}{\376\377\000S\000t\000a\000t\000i\000s\000t\000i\000c\000a\000l\000\040\000i\000n\000f\000e\000r\000e\000n\000c\000e\000\040\000\050\000s\000i\000n\000g\000l\000e\000\040\000m\000o\000d\000e\000l\000,\000\040\000n\000o\000n\000-\000l\000i\000n\000e\000a\000r\000\051}{section.6}% 27
\BOOKMARK [2][-]{subsection.6.18}{\376\377\000B\000a\000s\000e\000l\000i\000n\000e\000\040\000a\000d\000j\000u\000s\000t\000m\000e\000n\000t}{section.6}% 28
\BOOKMARK [2][-]{subsection.6.19}{\376\377\000P\000r\000e\000d\000i\000c\000t\000i\000o\000n\000s}{section.6}% 29
\BOOKMARK [1][-]{section.7}{\376\377\000E\000q\000u\000i\000v\000a\000l\000e\000n\000c\000e\000\040\000w\000i\000t\000h\000\040\000o\000t\000h\000e\000r\000\040\000s\000t\000a\000t\000i\000s\000t\000i\000c\000a\000l\000\040\000m\000e\000t\000h\000o\000d\000s}{}% 30
\BOOKMARK [2][-]{subsection.7.1}{\376\377\000W\000e\000l\000c\000h\000\040\000t\000w\000o\000\040\000s\000a\000m\000p\000l\000e\000\040\000t\000-\000t\000e\000s\000t}{section.7}% 31
\BOOKMARK [2][-]{subsection.7.2}{\376\377\000P\000a\000i\000r\000e\000d\000\040\000t\000-\000t\000e\000s\000t}{section.7}% 32
\BOOKMARK [2][-]{subsection.7.3}{\376\377\000W\000e\000l\000c\000h\000\040\000t\000w\000o\000\040\000s\000a\000m\000p\000l\000e\000\040\000t\000-\000t\000e\000s\000t\000\040\000o\000n\000\040\000t\000h\000e\000\040\000c\000h\000a\000n\000g\000e}{section.7}% 33
\BOOKMARK [2][-]{subsection.7.4}{\376\377\000M\000u\000l\000t\000i\000p\000l\000e\000\040\000S\000t\000u\000d\000e\000n\000t\000'\000s\000\040\000t\000-\000t\000e\000s\000t}{section.7}% 34
\BOOKMARK [2][-]{subsection.7.5}{\376\377\000L\000i\000n\000e\000a\000r\000\040\000r\000e\000g\000r\000e\000s\000s\000i\000o\000n\000\040\000o\000n\000\040\000t\000h\000e\000\040\000c\000h\000a\000n\000g\000e}{section.7}% 35
\BOOKMARK [2][-]{subsection.7.6}{\376\377\000C\000o\000r\000r\000e\000l\000a\000t\000i\000o\000n\000\040\000b\000e\000t\000w\000e\000e\000n\000\040\000c\000h\000a\000n\000g\000e\000s}{section.7}% 36
\BOOKMARK [1][-]{section.8}{\376\377\000M\000i\000s\000s\000i\000n\000g\000\040\000v\000a\000l\000u\000e\000s\000\040\000a\000n\000d\000\040\000i\000m\000p\000u\000t\000a\000t\000i\000o\000n}{}% 37
\BOOKMARK [2][-]{subsection.8.1}{\376\377\000F\000u\000l\000l\000\040\000i\000n\000f\000o\000r\000m\000a\000t\000i\000o\000n\000\040\000a\000p\000p\000r\000o\000a\000c\000h}{section.8}% 38
\BOOKMARK [2][-]{subsection.8.2}{\376\377\000C\000o\000m\000p\000l\000e\000t\000e\000\040\000c\000a\000s\000e\000\040\000a\000p\000p\000r\000o\000a\000c\000h}{section.8}% 39
\BOOKMARK [2][-]{subsection.8.3}{\376\377\000I\000m\000p\000u\000t\000a\000t\000i\000o\000n}{section.8}% 40
\BOOKMARK [2][-]{subsection.8.4}{\376\377\000M\000u\000l\000t\000i\000p\000l\000e\000\040\000i\000m\000p\000u\000t\000a\000t\000i\000o\000n}{section.8}% 41
\BOOKMARK [1][-]{section.9}{\376\377\000D\000a\000t\000a\000\040\000g\000e\000n\000e\000r\000a\000t\000i\000o\000n}{}% 42
\BOOKMARK [1][-]{section.10}{\376\377\000M\000o\000d\000i\000f\000y\000i\000n\000g\000\040\000d\000e\000f\000a\000u\000l\000t\000\040\000o\000p\000t\000i\000o\000n\000s}{}% 43
\BOOKMARK [1][-]{section.11}{\376\377\000R\000\040\000s\000e\000s\000s\000i\000o\000n}{}% 44
\BOOKMARK [1][-]{appendix.A}{\376\377\000S\0003\000\040\000m\000e\000t\000h\000o\000d\000s}{}% 45
\BOOKMARK [1][-]{appendix.B}{\376\377\000L\000i\000k\000e\000l\000i\000h\000o\000o\000d\000\040\000i\000n\000\040\000a\000\040\000l\000i\000n\000e\000a\000r\000\040\000m\000i\000x\000e\000d\000\040\000m\000o\000d\000e\000l}{}% 46
\BOOKMARK [2][-]{subsection.B.1}{\376\377\000L\000o\000g\000-\000l\000i\000k\000e\000l\000i\000h\000o\000o\000d}{appendix.B}% 47
\BOOKMARK [2][-]{subsection.B.2}{\376\377\000S\000c\000o\000r\000e}{appendix.B}% 48
\BOOKMARK [2][-]{subsection.B.3}{\376\377\000H\000e\000s\000s\000i\000a\000n}{appendix.B}% 49
\BOOKMARK [2][-]{subsection.B.4}{\376\377\000D\000e\000g\000r\000e\000e\000s\000\040\000o\000f\000\040\000f\000r\000e\000e\000d\000o\000m}{appendix.B}% 50
\BOOKMARK [1][-]{appendix.C}{\376\377\000L\000i\000k\000e\000l\000i\000h\000o\000o\000d\000\040\000r\000a\000t\000i\000o\000\040\000t\000e\000s\000t\000\040\000w\000i\000t\000h\000\040\000t\000h\000e\000\040\000R\000E\000M\000L\000\040\000c\000r\000i\000t\000e\000r\000i\000o\000n}{}% 51
\BOOKMARK [1][-]{appendix.D}{\376\377\000S\000u\000m\000\040\000o\000f\000\040\000s\000q\000u\000a\000r\000e\000s\000\040\000i\000n\000\040\000a\000\040\000l\000i\000n\000e\000a\000r\000\040\000m\000i\000x\000e\000d\000\040\000m\000o\000d\000e\000l}{}% 52
\BOOKMARK [1][-]{appendix.E}{\376\377\000E\000q\000u\000i\000v\000a\000l\000e\000n\000c\000e\000\040\000w\000i\000t\000h\000\040\000o\000t\000h\000e\000r\000\040\000R\000\040\000p\000a\000c\000k\000a\000g\000e\000s}{}% 53
\BOOKMARK [2][-]{subsection.E.1}{\376\377\000n\000l\000m\000e\000\040\000p\000a\000c\000k\000a\000g\000e}{appendix.E}% 54
\BOOKMARK [2][-]{subsection.E.2}{\376\377\000l\000m\000e\0004\000\040\000p\000a\000c\000k\000a\000g\000e}{appendix.E}% 55
\BOOKMARK [2][-]{subsection.E.3}{\376\377\000m\000m\000r\000m\000\040\000p\000a\000c\000k\000a\000g\000e}{appendix.E}% 56
\BOOKMARK [2][-]{subsection.E.4}{\376\377\000e\000m\000m\000e\000a\000n\000s\000\040\000p\000a\000c\000k\000a\000g\000e}{appendix.E}% 57
\BOOKMARK [2][-]{subsection.E.5}{\376\377\000e\000f\000f\000e\000c\000t\000s\000i\000z\000e\000\040\000p\000a\000c\000k\000a\000g\000e\000\040\000\050\000R\0002\000\040\000o\000r\000\040\0002\000\051}{appendix.E}% 58
\BOOKMARK [2][-]{subsection.E.6}{\376\377\000M\000u\000M\000I\000n\000\040\000p\000a\000c\000k\000a\000g\000e\000\040\000\050\000R\0002\000\051}{appendix.E}% 59
\BOOKMARK [2][-]{subsection.E.7}{\376\377\000s\000t\000a\000t\000s\000\040\000p\000a\000c\000k\000a\000g\000e\000\040\000\050\000p\000a\000r\000t\000i\000a\000l\000\040\000r\000e\000s\000i\000d\000u\000a\000l\000s\000\051}{appendix.E}% 60
