\BOOKMARK [1][-]{section.1}{\376\377\000D\000e\000s\000c\000r\000i\000p\000t\000i\000v\000e\000\040\000s\000t\000a\000t\000i\000s\000t\000i\000c\000s}{}% 1
\BOOKMARK [1][-]{section.2}{\376\377\000L\000i\000n\000e\000a\000r\000\040\000m\000i\000x\000e\000d\000\040\000m\000o\000d\000e\000l}{}% 2
\BOOKMARK [2][-]{subsection.2.1}{\376\377\000C\000l\000a\000s\000s\000i\000c\000a\000l\000\040\000c\000o\000v\000a\000r\000i\000a\000n\000c\000e\000\040\000p\000a\000t\000t\000e\000r\000n\000s}{section.2}% 3
\BOOKMARK [2][-]{subsection.2.2}{\376\377\000M\000o\000d\000e\000l\000\040\000o\000u\000t\000p\000u\000t}{section.2}% 4
\BOOKMARK [2][-]{subsection.2.3}{\376\377\000E\000x\000t\000r\000a\000c\000t\000\040\000e\000s\000t\000i\000m\000a\000t\000e\000d\000\040\000c\000o\000e\000f\000f\000i\000c\000i\000e\000n\000t\000s}{section.2}% 5
\BOOKMARK [2][-]{subsection.2.4}{\376\377\000E\000x\000t\000r\000a\000c\000t\000\040\000e\000s\000t\000i\000m\000a\000t\000e\000d\000\040\000c\000o\000e\000f\000f\000i\000c\000i\000e\000n\000t\000\040\000a\000n\000d\000\040\000a\000s\000s\000o\000c\000i\000a\000t\000e\000d\000\040\000u\000n\000c\000e\000r\000t\000a\000i\000n\000t\000y}{section.2}% 6
\BOOKMARK [2][-]{subsection.2.5}{\376\377\000E\000x\000t\000r\000a\000c\000t\000\040\000e\000s\000t\000i\000m\000a\000t\000e\000d\000\040\000r\000e\000s\000i\000d\000u\000a\000l\000\040\000v\000a\000r\000i\000a\000n\000c\000e\000-\000c\000o\000v\000a\000r\000i\000a\000n\000c\000e\000\040\000s\000t\000r\000u\000c\000t\000u\000r\000e}{section.2}% 7
\BOOKMARK [2][-]{subsection.2.6}{\376\377\000M\000o\000d\000e\000l\000\040\000d\000i\000a\000g\000n\000o\000s\000t\000i\000c}{section.2}% 8
\BOOKMARK [2][-]{subsection.2.7}{\376\377\000M\000o\000d\000e\000l\000\040\000f\000i\000t}{section.2}% 9
\BOOKMARK [2][-]{subsection.2.8}{\376\377\000S\000t\000a\000t\000i\000s\000t\000i\000c\000a\000l\000\040\000i\000n\000f\000e\000r\000e\000n\000c\000e\000\040\000\050\000l\000i\000n\000e\000a\000r\000\051}{section.2}% 10
\BOOKMARK [2][-]{subsection.2.9}{\376\377\000S\000t\000a\000t\000i\000s\000t\000i\000c\000a\000l\000\040\000i\000n\000f\000e\000r\000e\000n\000c\000e\000\040\000\050\000n\000o\000n\000-\000l\000i\000n\000e\000a\000r\000\051}{section.2}% 11
\BOOKMARK [2][-]{subsection.2.10}{\376\377\000B\000a\000s\000e\000l\000i\000n\000e\000\040\000a\000d\000j\000u\000s\000t\000m\000e\000n\000t}{section.2}% 12
\BOOKMARK [2][-]{subsection.2.11}{\376\377\000M\000a\000r\000g\000i\000n\000a\000l\000\040\000m\000e\000a\000n\000s}{section.2}% 13
\BOOKMARK [2][-]{subsection.2.12}{\376\377\000P\000r\000e\000d\000i\000c\000t\000i\000o\000n\000s}{section.2}% 14
\BOOKMARK [2][-]{subsection.2.13}{\376\377\000M\000i\000s\000s\000i\000n\000g\000\040\000v\000a\000l\000u\000e\000s\000\040\000a\000n\000d\000\040\000i\000m\000p\000u\000t\000a\000t\000i\000o\000n}{section.2}% 15
\BOOKMARK [1][-]{section.3}{\376\377\000U\000s\000e\000r\000-\000s\000p\000e\000c\000i\000f\000i\000c\000\040\000c\000o\000v\000a\000r\000i\000a\000n\000c\000e\000\040\000p\000a\000t\000t\000e\000r\000n\000s}{}% 16
\BOOKMARK [1][-]{section.4}{\376\377\000D\000a\000t\000a\000\040\000g\000e\000n\000e\000r\000a\000t\000i\000o\000n}{}% 17
\BOOKMARK [1][-]{section.5}{\376\377\000M\000o\000d\000i\000f\000y\000i\000n\000g\000\040\000d\000e\000f\000a\000u\000l\000t\000\040\000o\000p\000t\000i\000o\000n\000s}{}% 18
\BOOKMARK [1][-]{section.6}{\376\377\000R\000\040\000s\000e\000s\000s\000i\000o\000n}{}% 19
\BOOKMARK [1][-]{appendix.A}{\376\377\000L\000i\000k\000e\000l\000i\000h\000o\000o\000d\000\040\000i\000n\000\040\000a\000\040\000l\000i\000n\000e\000a\000r\000\040\000m\000i\000x\000e\000d\000\040\000m\000o\000d\000e\000l}{}% 20
\BOOKMARK [2][-]{subsection.A.1}{\376\377\000L\000o\000g\000-\000l\000i\000k\000e\000l\000i\000h\000o\000o\000d}{appendix.A}% 21
\BOOKMARK [2][-]{subsection.A.2}{\376\377\000S\000c\000o\000r\000e}{appendix.A}% 22
\BOOKMARK [2][-]{subsection.A.3}{\376\377\000H\000e\000s\000s\000i\000a\000n}{appendix.A}% 23
\BOOKMARK [2][-]{subsection.A.4}{\376\377\000D\000e\000g\000r\000e\000e\000s\000\040\000o\000f\000\040\000f\000r\000e\000e\000d\000o\000m}{appendix.A}% 24
\BOOKMARK [1][-]{appendix.B}{\376\377\000L\000i\000k\000e\000l\000i\000h\000o\000o\000d\000\040\000r\000a\000t\000i\000o\000\040\000t\000e\000s\000t\000\040\000w\000i\000t\000h\000\040\000t\000h\000e\000\040\000R\000E\000M\000L\000\040\000c\000r\000i\000t\000e\000r\000i\000o\000n}{}% 25
