\BOOKMARK [1][-]{section.1}{\376\377\000I\000l\000l\000u\000s\000t\000r\000a\000t\000i\000v\000e\000\040\000d\000a\000t\000a\000s\000e\000t\000s}{}% 1
\BOOKMARK [1][-]{section.2}{\376\377\000E\000q\000u\000i\000v\000a\000l\000e\000n\000c\000e\000\040\000w\000i\000t\000h\000\040\000o\000t\000h\000e\000r\000\040\000s\000t\000a\000t\000i\000s\000t\000i\000c\000a\000l\000\040\000m\000e\000t\000h\000o\000d\000s}{}% 2
\BOOKMARK [2][-]{subsection.2.1}{\376\377\000W\000e\000l\000c\000h\000\040\000t\000w\000o\000\040\000s\000a\000m\000p\000l\000e\000\040\000t\000-\000t\000e\000s\000t}{section.2}% 3
\BOOKMARK [2][-]{subsection.2.2}{\376\377\000P\000a\000i\000r\000e\000d\000\040\000t\000-\000t\000e\000s\000t}{section.2}% 4
\BOOKMARK [2][-]{subsection.2.3}{\376\377\000C\000o\000m\000p\000a\000r\000i\000n\000g\000\040\000c\000h\000a\000n\000g\000e}{section.2}% 5
\BOOKMARK [3][-]{subsubsection.2.3.1}{\376\377\000U\000s\000i\000n\000g\000\040\000a\000\040\000W\000e\000l\000c\000h\000\040\000t\000w\000o\000\040\000s\000a\000m\000p\000l\000e\000\040\000t\000-\000t\000e\000s\000t}{subsection.2.3}% 6
\BOOKMARK [3][-]{subsubsection.2.3.2}{\376\377\000U\000s\000i\000n\000g\000\040\000a\000\040\000l\000i\000n\000e\000a\000r\000\040\000r\000e\000g\000r\000e\000s\000s\000i\000o\000n}{subsection.2.3}% 7
\BOOKMARK [2][-]{subsection.2.4}{\376\377\000M\000u\000l\000t\000i\000p\000l\000e\000\040\000S\000t\000u\000d\000e\000n\000t\000'\000s\000\040\000t\000-\000t\000e\000s\000t}{section.2}% 8
\BOOKMARK [2][-]{subsection.2.5}{\376\377\000A\000N\000C\000O\000V\000A}{section.2}% 9
\BOOKMARK [2][-]{subsection.2.6}{\376\377\000P\000e\000r\000s\000o\000n\000'\000s\000\040\000c\000o\000r\000r\000e\000l\000a\000t\000i\000o\000n}{section.2}% 10
\BOOKMARK [2][-]{subsection.2.7}{\376\377\000C\000o\000m\000p\000a\000r\000i\000n\000g\000\040\000P\000e\000r\000s\000o\000n\000'\000s\000\040\000c\000o\000r\000r\000e\000l\000a\000t\000i\000o\000n}{section.2}% 11
\BOOKMARK [2][-]{subsection.2.8}{\376\377\000C\000o\000r\000r\000e\000l\000a\000t\000i\000o\000n\000\040\000b\000e\000t\000w\000e\000e\000n\000\040\000c\000h\000a\000n\000g\000e\000s}{section.2}% 12
\BOOKMARK [1][-]{section.3}{\376\377\000E\000q\000u\000i\000v\000a\000l\000e\000n\000c\000e\000\040\000w\000i\000t\000h\000\040\000o\000t\000h\000e\000r\000\040\000R\000\040\000p\000a\000c\000k\000a\000g\000e\000s}{}% 13
\BOOKMARK [2][-]{subsection.3.1}{\376\377\000n\000l\000m\000e\000\040\000p\000a\000c\000k\000a\000g\000e}{section.3}% 14
\BOOKMARK [2][-]{subsection.3.2}{\376\377\000l\000m\000e\0004\000\040\000p\000a\000c\000k\000a\000g\000e}{section.3}% 15
\BOOKMARK [2][-]{subsection.3.3}{\376\377\000m\000m\000r\000m\000\040\000p\000a\000c\000k\000a\000g\000e}{section.3}% 16
\BOOKMARK [2][-]{subsection.3.4}{\376\377\000e\000m\000m\000e\000a\000n\000s\000\040\000p\000a\000c\000k\000a\000g\000e}{section.3}% 17
\BOOKMARK [2][-]{subsection.3.5}{\376\377\000e\000f\000f\000e\000c\000t\000s\000i\000z\000e\000\040\000p\000a\000c\000k\000a\000g\000e\000\040\000\050\000R\0002\000\040\000o\000r\000\040\0002\000\051}{section.3}% 18
\BOOKMARK [2][-]{subsection.3.6}{\376\377\000M\000u\000M\000I\000n\000\040\000p\000a\000c\000k\000a\000g\000e\000\040\000\050\000R\0002\000\051}{section.3}% 19
\BOOKMARK [2][-]{subsection.3.7}{\376\377\000s\000t\000a\000t\000s\000\040\000p\000a\000c\000k\000a\000g\000e\000\040\000\050\000p\000a\000r\000t\000i\000a\000l\000\040\000r\000e\000s\000i\000d\000u\000a\000l\000s\000\051}{section.3}% 20
